  add.c
  关键词typedef和static的应用.c
D:\code\test_c\test_c_251213\关键词typedef和static的应用.c(56,12): warning C4013: “Add”未定义；假设外部返回 int
  正在生成代码...
关键词typedef和static的应用.obj : error LNK2019: 无法解析的外部符号 _Add，函数 _main 中引用了该符号
D:\code\test_c\test_c_251213\Debug\test_c_251213.exe : fatal error LNK1120: 1 个无法解析的外部命令
